# JRE version: Java(TM) SE Runtime Environment (21.0.3+7) (build 21.0.3+7-LTS-152)
# Java VM: Java HotSpot(TM) 64-Bit Server VM (21.0.3+7-LTS-152, mixed mode, sharing, tiered, compressed oops, compressed class ptrs, g1 gc, windows-amd64)
GC Precious Log:
 CardTable entry size: 512
 Card Set container configuration: InlinePtr #cards 5 size 8 Array Of Cards #cards 12 size 40 Howl #buckets 4 coarsen threshold 1843 Howl Bitmap #cards 512 size 80 coarsen threshold 460 Card regions per heap region 1 cards per card region 2048
 CPUs: 8 total, 8 available
 Memory: 7932M
 Large Page Support: Disabled
 NUMA Support: Disabled
 Compressed Oops: Enabled (32-bit)
 Heap Region Size: 1M
 Heap Min Capacity: 8M
 Heap Initial Capacity: 124M
 Heap Max Capacity: 1984M
 Pre-touch: Disabled
 Parallel Workers: 8
 Concurrent Workers: 2
 Concurrent Refinement Workers: 8
 Periodic GC: Disabled
Heap:
 garbage-first heap   total 70656K, used 37131K [0x0000000084000000, 0x0000000100000000)
  region size 1024K, 11 young (11264K), 4 survivors (4096K)
 Metaspace       used 68618K, committed 69248K, reserved 1114112K
  class space    used 9302K, committed 9600K, reserved 1048576K
GC Heap History (20 events):
Event: 6.210 GC heap before
{Heap before GC invocations=2 (full 0):
 garbage-first heap   total 126976K, used 44670K [0x0000000084000000, 0x0000000100000000)
  region size 1024K, 37 young (37888K), 3 survivors (3072K)
 Metaspace       used 21107K, committed 21504K, reserved 1114112K
  class space    used 2518K, committed 2688K, reserved 1048576K
}
Event: 6.222 GC heap after
{Heap after GC invocations=3 (full 0):
 garbage-first heap   total 126976K, used 15207K [0x0000000084000000, 0x0000000100000000)
  region size 1024K, 6 young (6144K), 6 survivors (6144K)
 Metaspace       used 21107K, committed 21504K, reserved 1114112K
  class space    used 2518K, committed 2688K, reserved 1048576K
}
Event: 7.217 GC heap before
{Heap before GC invocations=4 (full 0):
 garbage-first heap   total 58368K, used 42855K [0x0000000084000000, 0x0000000100000000)
  region size 1024K, 34 young (34816K), 6 survivors (6144K)
 Metaspace       used 25248K, committed 25664K, reserved 1114112K
  class space    used 3054K, committed 3264K, reserved 1048576K
}
Event: 7.233 GC heap after
{Heap after GC invocations=5 (full 0):
 garbage-first heap   total 58368K, used 16962K [0x0000000084000000, 0x0000000100000000)
  region size 1024K, 3 young (3072K), 3 survivors (3072K)
 Metaspace       used 25248K, committed 25664K, reserved 1114112K
  class space    used 3054K, committed 3264K, reserved 1048576K
}
Event: 8.623 GC heap before
{Heap before GC invocations=5 (full 0):
 garbage-first heap   total 58368K, used 43586K [0x0000000084000000, 0x0000000100000000)
  region size 1024K, 29 young (29696K), 3 survivors (3072K)
 Metaspace       used 28489K, committed 28928K, reserved 1114112K
  class space    used 3457K, committed 3648K, reserved 1048576K
}
Event: 8.638 GC heap after
{Heap after GC invocations=6 (full 0):
 garbage-first heap   total 58368K, used 19523K [0x0000000084000000, 0x0000000100000000)
  region size 1024K, 3 young (3072K), 3 survivors (3072K)
 Metaspace       used 28489K, committed 28928K, reserved 1114112K
  class space    used 3457K, committed 3648K, reserved 1048576K
}
Event: 10.224 GC heap before
{Heap before GC invocations=6 (full 0):
 garbage-first heap   total 58368K, used 46147K [0x0000000084000000, 0x0000000100000000)
  region size 1024K, 29 young (29696K), 3 survivors (3072K)
 Metaspace       used 32631K, committed 33152K, reserved 1114112K
  class space    used 4028K, committed 4224K, reserved 1048576K
}
Event: 10.238 GC heap after
{Heap after GC invocations=7 (full 0):
 garbage-first heap   total 58368K, used 21504K [0x0000000084000000, 0x0000000100000000)
  region size 1024K, 4 young (4096K), 4 survivors (4096K)
 Metaspace       used 32631K, committed 33152K, reserved 1114112K
  class space    used 4028K, committed 4224K, reserved 1048576K
}
Event: 11.553 GC heap before
{Heap before GC invocations=7 (full 0):
 garbage-first heap   total 58368K, used 36864K [0x0000000084000000, 0x0000000100000000)
  region size 1024K, 20 young (20480K), 4 survivors (4096K)
 Metaspace       used 35561K, committed 36096K, reserved 1114112K
  class space    used 4415K, committed 4672K, reserved 1048576K
}
Event: 11.567 GC heap after
{Heap after GC invocations=8 (full 0):
 garbage-first heap   total 58368K, used 23243K [0x0000000084000000, 0x0000000100000000)
  region size 1024K, 2 young (2048K), 2 survivors (2048K)
 Metaspace       used 35561K, committed 36096K, reserved 1114112K
  class space    used 4415K, committed 4672K, reserved 1048576K
}
Event: 14.062 GC heap before
{Heap before GC invocations=9 (full 0):
 garbage-first heap   total 58368K, used 47819K [0x0000000084000000, 0x0000000100000000)
  region size 1024K, 26 young (26624K), 2 survivors (2048K)
 Metaspace       used 40790K, committed 41344K, reserved 1114112K
  class space    used 5187K, committed 5440K, reserved 1048576K
}
Event: 14.076 GC heap after
{Heap after GC invocations=10 (full 0):
 garbage-first heap   total 70656K, used 24773K [0x0000000084000000, 0x0000000100000000)
  region size 1024K, 4 young (4096K), 4 survivors (4096K)
 Metaspace       used 40790K, committed 41344K, reserved 1114112K
  class space    used 5187K, committed 5440K, reserved 1048576K
}
Event: 16.965 GC heap before
{Heap before GC invocations=10 (full 0):
 garbage-first heap   total 70656K, used 57541K [0x0000000084000000, 0x0000000100000000)
  region size 1024K, 37 young (37888K), 4 survivors (4096K)
 Metaspace       used 49621K, committed 50240K, reserved 1114112K
  class space    used 6566K, committed 6848K, reserved 1048576K
}
Event: 16.984 GC heap after
{Heap after GC invocations=11 (full 0):
 garbage-first heap   total 70656K, used 27254K [0x0000000084000000, 0x0000000100000000)
  region size 1024K, 5 young (5120K), 5 survivors (5120K)
 Metaspace       used 49621K, committed 50240K, reserved 1114112K
  class space    used 6566K, committed 6848K, reserved 1048576K
}
Event: 21.187 GC heap before
{Heap before GC invocations=11 (full 0):
 garbage-first heap   total 70656K, used 60022K [0x0000000084000000, 0x0000000100000000)
  region size 1024K, 37 young (37888K), 5 survivors (5120K)
 Metaspace       used 57740K, committed 58304K, reserved 1114112K
  class space    used 7637K, committed 7872K, reserved 1048576K
}
Event: 21.210 GC heap after
{Heap after GC invocations=12 (full 0):
 garbage-first heap   total 70656K, used 29650K [0x0000000084000000, 0x0000000100000000)
  region size 1024K, 3 young (3072K), 3 survivors (3072K)
 Metaspace       used 57740K, committed 58304K, reserved 1114112K
  class space    used 7637K, committed 7872K, reserved 1048576K
}
Event: 22.052 GC heap before
{Heap before GC invocations=12 (full 0):
 garbage-first heap   total 70656K, used 36818K [0x0000000084000000, 0x0000000100000000)
  region size 1024K, 11 young (11264K), 3 survivors (3072K)
 Metaspace       used 59739K, committed 60288K, reserved 1114112K
  class space    used 7875K, committed 8128K, reserved 1048576K
}
Event: 22.063 GC heap after
{Heap after GC invocations=13 (full 0):
 garbage-first heap   total 70656K, used 29760K [0x0000000084000000, 0x0000000100000000)
  region size 1024K, 3 young (3072K), 3 survivors (3072K)
 Metaspace       used 59739K, committed 60288K, reserved 1114112K
  class space    used 7875K, committed 8128K, reserved 1048576K
}
Event: 26.902 GC heap before
{Heap before GC invocations=14 (full 0):
 garbage-first heap   total 70656K, used 60480K [0x0000000084000000, 0x0000000100000000)
  region size 1024K, 34 young (34816K), 3 survivors (3072K)
 Metaspace       used 66514K, committed 67136K, reserved 1114112K
  class space    used 8982K, committed 9280K, reserved 1048576K
}
Event: 26.925 GC heap after
{Heap after GC invocations=15 (full 0):
 garbage-first heap   total 70656K, used 30987K [0x0000000084000000, 0x0000000100000000)
  region size 1024K, 4 young (4096K), 4 survivors (4096K)
 Metaspace       used 66514K, committed 67136K, reserved 1114112K
  class space    used 8982K, committed 9280K, reserved 1048576K
}

